<?xml version="1.0" encoding="UTF-8"?>
<!-- Generated by org.testng.reporters.JUnitReportReporter -->
<testsuite skipped="0" hostname="IN-6WTC633" name="testCases.test1" tests="1" failures="0" timestamp="2021-04-14T09:32:25 IST" time="13.974" errors="0">
  <testcase name="TC001" time="13.974" classname="testCases.test1"/>
  <system-out/>
</testsuite> <!-- testCases.test1 -->
